<?xml version="1.0" encoding="UTF-8"?>
<testsuite name="com.thekingtiger.backend.BackendApplicationTests" tests="1" skipped="0" failures="0" errors="0" timestamp="2025-08-08T04:00:02.668Z" hostname="ELUCIDATOR" time="0.391">
  <properties/>
  <testcase name="contextLoads()" classname="com.thekingtiger.backend.BackendApplicationTests" time="0.391"/>
  <system-out><![CDATA[21:59:57.736 [Test worker] INFO org.springframework.test.context.support.AnnotationConfigContextLoaderUtils -- Could not detect default configuration classes for test class [com.thekingtiger.backend.BackendApplicationTests]: BackendApplicationTests does not declare any static, non-private, non-final, nested classes annotated with @Configuration.
21:59:57.871 [Test worker] INFO org.springframework.boot.test.context.SpringBootTestContextBootstrapper -- Found @SpringBootConfiguration com.thekingtiger.backend.BackendApplication for test class com.thekingtiger.backend.BackendApplicationTests

  .   ____          _            __ _ _
 /\\ / ___'_ __ _ _(_)_ __  __ _ \ \ \ \
( ( )\___ | '_ | '_| | '_ \/ _` | \ \ \ \
 \\/  ___)| |_)| | | | | || (_| |  ) ) ) )
  '  |____| .__|_| |_|_| |_\__, | / / / /
 =========|_|==============|___/=/_/_/_/

 :: Spring Boot ::                (v3.5.4)

2025-08-07T21:59:58.428-06:00  INFO 32992 --- [backend] [    Test worker] c.t.backend.BackendApplicationTests      : Starting BackendApplicationTests using Java 17.0.15 with PID 32992 (started by enigma in C:\Users\enigm\OneDrive\Documentos\GitHub\Back2\Springboot-API-Backend)
2025-08-07T21:59:58.429-06:00  INFO 32992 --- [backend] [    Test worker] c.t.backend.BackendApplicationTests      : No active profile set, falling back to 1 default profile: "default"
2025-08-07T21:59:59.223-06:00  INFO 32992 --- [backend] [    Test worker] .s.d.r.c.RepositoryConfigurationDelegate : Bootstrapping Spring Data JPA repositories in DEFAULT mode.
2025-08-07T21:59:59.297-06:00  INFO 32992 --- [backend] [    Test worker] .s.d.r.c.RepositoryConfigurationDelegate : Finished Spring Data repository scanning in 61 ms. Found 1 JPA repository interface.
2025-08-07T21:59:59.762-06:00  INFO 32992 --- [backend] [    Test worker] o.hibernate.jpa.internal.util.LogHelper  : HHH000204: Processing PersistenceUnitInfo [name: default]
2025-08-07T21:59:59.832-06:00  INFO 32992 --- [backend] [    Test worker] org.hibernate.Version                    : HHH000412: Hibernate ORM core version 6.6.22.Final
2025-08-07T21:59:59.875-06:00  INFO 32992 --- [backend] [    Test worker] o.h.c.internal.RegionFactoryInitiator    : HHH000026: Second-level cache disabled
2025-08-07T22:00:00.255-06:00  INFO 32992 --- [backend] [    Test worker] o.s.o.j.p.SpringPersistenceUnitInfo      : No LoadTimeWeaver setup: ignoring JPA class transformer
2025-08-07T22:00:00.295-06:00  INFO 32992 --- [backend] [    Test worker] com.zaxxer.hikari.HikariDataSource       : HikariPool-1 - Starting...
2025-08-07T22:00:00.663-06:00  INFO 32992 --- [backend] [    Test worker] com.zaxxer.hikari.pool.HikariPool        : HikariPool-1 - Added connection com.mysql.cj.jdbc.ConnectionImpl@7ee2423
2025-08-07T22:00:00.666-06:00  INFO 32992 --- [backend] [    Test worker] com.zaxxer.hikari.HikariDataSource       : HikariPool-1 - Start completed.
2025-08-07T22:00:00.786-06:00  INFO 32992 --- [backend] [    Test worker] org.hibernate.orm.connections.pooling    : HHH10001005: Database info:
	Database JDBC URL [Connecting through datasource 'HikariDataSource (HikariPool-1)']
	Database driver: undefined/unknown
	Database version: 8.0.43
	Autocommit mode: undefined/unknown
	Isolation level: undefined/unknown
	Minimum pool size: undefined/unknown
	Maximum pool size: undefined/unknown
2025-08-07T22:00:01.713-06:00  INFO 32992 --- [backend] [    Test worker] o.h.e.t.j.p.i.JtaPlatformInitiator       : HHH000489: No JTA platform available (set 'hibernate.transaction.jta.platform' to enable JTA platform integration)
2025-08-07T22:00:01.792-06:00  INFO 32992 --- [backend] [    Test worker] j.LocalContainerEntityManagerFactoryBean : Initialized JPA EntityManagerFactory for persistence unit 'default'
2025-08-07T22:00:02.165-06:00  WARN 32992 --- [backend] [    Test worker] JpaBaseConfiguration$JpaWebConfiguration : spring.jpa.open-in-view is enabled by default. Therefore, database queries may be performed during view rendering. Explicitly configure spring.jpa.open-in-view to disable this warning
2025-08-07T22:00:02.650-06:00  INFO 32992 --- [backend] [    Test worker] c.t.backend.BackendApplicationTests      : Started BackendApplicationTests in 4.561 seconds (process running for 5.918)
]]></system-out>
  <system-err><![CDATA[]]></system-err>
</testsuite>
